[debug] [2020-06-09T16:56:10.175Z] ----------------------------------------------------------------------
[debug] [2020-06-09T16:56:10.178Z] Command:       C:\Program Files\nodejs\node.exe C:\Users\gomez\AppData\Roaming\npm\node_modules\firebase-tools\lib\bin\firebase.js init
[debug] [2020-06-09T16:56:10.178Z] CLI Version:   7.12.1
[debug] [2020-06-09T16:56:10.178Z] Platform:      win32
[debug] [2020-06-09T16:56:10.179Z] Node Version:  v12.4.0
[debug] [2020-06-09T16:56:10.180Z] Time:          Tue Jun 09 2020 18:56:10 GMT+0200 (GMT+02:00)
[debug] [2020-06-09T16:56:10.180Z] ----------------------------------------------------------------------
[debug] [2020-06-09T16:56:10.180Z] 
[debug] [2020-06-09T16:56:10.188Z] > command requires scopes: ["email","openid","https://www.googleapis.com/auth/cloudplatformprojects.readonly","https://www.googleapis.com/auth/firebase","https://www.googleapis.com/auth/cloud-platform"]
[debug] [2020-06-09T16:56:10.189Z] > authorizing via signed-in user
[info] 
     ######## #### ########  ######## ########     ###     ######  ########
     ##        ##  ##     ## ##       ##     ##  ##   ##  ##       ##
     ######    ##  ########  ######   ########  #########  ######  ######
     ##        ##  ##    ##  ##       ##     ## ##     ##       ## ##
     ##       #### ##     ## ######## ########  ##     ##  ######  ########

You're about to initialize a Firebase project in this directory:

  C:\Users\gomez\code\pean-stack-api-display

Before we get started, keep in mind:

  * You are initializing in an existing Firebase project directory

[info] 
=== Project Setup
[info] 
[info] First, let's associate this project directory with a Firebase project.
[info] You can create multiple project aliases by running firebase use --add, 
[info] but for now we'll just set up a default project.
[info] 
[info] i  .firebaserc already has a default project, using pern-stack-api-display.
[debug] [2020-06-09T16:56:17.444Z] >>> HTTP REQUEST GET https://firebase.googleapis.com/v1beta1/projects/pern-stack-api-display  
 
[debug] [2020-06-09T16:56:18.049Z] <<< HTTP RESPONSE 403
[debug] [2020-06-09T16:56:18.051Z] <<< HTTP RESPONSE BODY
[debug] [2020-06-09T16:56:18.055Z] HTTP Error: 403, The caller does not have permission
[debug] [2020-06-09T16:56:18.344Z] FirebaseError: HTTP Error: 403, The caller does not have permission
    at module.exports (C:\Users\gomez\AppData\Roaming\npm\node_modules\firebase-tools\lib\responseToError.js:38:12)
    at Request._callback (C:\Users\gomez\AppData\Roaming\npm\node_modules\firebase-tools\lib\api.js:39:35)
    at Request.self.callback (C:\Users\gomez\AppData\Roaming\npm\node_modules\firebase-tools\node_modules\request\request.js:185:22)
    at Request.emit (events.js:200:13)
    at Request.EventEmitter.emit (domain.js:471:20)
    at Request.<anonymous> (C:\Users\gomez\AppData\Roaming\npm\node_modules\firebase-tools\node_modules\request\request.js:1161:10)
    at Request.emit (events.js:200:13)
    at Request.EventEmitter.emit (domain.js:471:20)
    at IncomingMessage.<anonymous> (C:\Users\gomez\AppData\Roaming\npm\node_modules\firebase-tools\node_modules\request\request.js:1083:12)
    at Object.onceWrapper (events.js:288:20)
    at IncomingMessage.emit (events.js:205:15)
    at IncomingMessage.EventEmitter.emit (domain.js:471:20)
    at endReadableNT (_stream_readable.js:1154:12)
    at processTicksAndRejections (internal/process/task_queues.js:84:9)
[error] 
[error] Error: Failed to get Firebase project pern-stack-api-display. Please make sure the project exists and your account has permission to access it.
